#! /usr/bin/vvp
:ivl_version "10.3 (stable)";
:ivl_delay_selection "TYPICAL";
:vpi_time_precision + 0;
:vpi_module "system";
:vpi_module "vhdl_sys";
:vpi_module "v2005_math";
:vpi_module "va_math";
S_0x5579814897c0 .scope module, "tb_and" "tb_and" 2 1;
 .timescale 0 0;
v0x557981499c70_0 .var "a", 0 0;
v0x557981499d40_0 .var "b", 0 0;
v0x557981499e10_0 .net "out", 0 0, L_0x557981499f10;  1 drivers
S_0x557981489940 .scope module, "AND1" "and_gate" 2 8, 3 1 0, S_0x5579814897c0;
 .timescale 0 0;
    .port_info 0 /INPUT 1 "a"
    .port_info 1 /INPUT 1 "b"
    .port_info 2 /OUTPUT 1 "out"
L_0x557981499f10 .functor AND 1, v0x557981499c70_0, v0x557981499d40_0, C4<1>, C4<1>;
v0x557981454080_0 .net "a", 0 0, v0x557981499c70_0;  1 drivers
v0x557981499a90_0 .net "b", 0 0, v0x557981499d40_0;  1 drivers
v0x557981499b50_0 .net "out", 0 0, L_0x557981499f10;  alias, 1 drivers
    .scope S_0x5579814897c0;
T_0 ;
    %pushi/vec4 0, 0, 1;
    %store/vec4 v0x557981499c70_0, 0, 1;
    %pushi/vec4 0, 0, 1;
    %store/vec4 v0x557981499d40_0, 0, 1;
    %delay 10, 0;
    %pushi/vec4 1, 0, 1;
    %store/vec4 v0x557981499c70_0, 0, 1;
    %delay 10, 0;
    %pushi/vec4 0, 0, 1;
    %store/vec4 v0x557981499c70_0, 0, 1;
    %pushi/vec4 1, 0, 1;
    %store/vec4 v0x557981499d40_0, 0, 1;
    %delay 10, 0;
    %pushi/vec4 1, 0, 1;
    %store/vec4 v0x557981499c70_0, 0, 1;
    %pushi/vec4 1, 0, 1;
    %store/vec4 v0x557981499d40_0, 0, 1;
    %delay 10, 0;
    %end;
    .thread T_0;
    .scope S_0x5579814897c0;
T_1 ;
    %vpi_call 2 21 "$dumpfile", "./wave/and.vcd" {0 0 0};
    %vpi_call 2 22 "$dumpvars", 32'sb00000000000000000000000000000000, S_0x5579814897c0 {0 0 0};
    %end;
    .thread T_1;
# The file index is used to find the file name in the following table.
:file_names 4;
    "N/A";
    "<interactive>";
    "tb_and.v";
    "and_gate.v";
