#! /usr/bin/vvp
:ivl_version "10.3 (stable)";
:ivl_delay_selection "TYPICAL";
:vpi_time_precision + 0;
:vpi_module "system";
:vpi_module "vhdl_sys";
:vpi_module "v2005_math";
:vpi_module "va_math";
S_0x55b03e3e2570 .scope module, "tb_not" "tb_not" 2 1;
 .timescale 0 0;
v0x55b03e3f19f0_0 .var "a", 0 0;
v0x55b03e3f1a90_0 .net "out", 0 0, L_0x55b03e3f1b60;  1 drivers
S_0x55b03e3e26f0 .scope module, "NOT" "not_gate" 2 7, 3 1 0, S_0x55b03e3e2570;
 .timescale 0 0;
    .port_info 0 /INPUT 1 "a"
    .port_info 1 /OUTPUT 1 "out"
v0x55b03e3ad080_0 .net "a", 0 0, v0x55b03e3f19f0_0;  1 drivers
v0x55b03e3f18d0_0 .net "out", 0 0, L_0x55b03e3f1b60;  alias, 1 drivers
L_0x55b03e3f1b60 .reduce/nor v0x55b03e3f19f0_0;
    .scope S_0x55b03e3e2570;
T_0 ;
    %pushi/vec4 0, 0, 1;
    %store/vec4 v0x55b03e3f19f0_0, 0, 1;
    %delay 10, 0;
    %pushi/vec4 1, 0, 1;
    %store/vec4 v0x55b03e3f19f0_0, 0, 1;
    %delay 10, 0;
    %pushi/vec4 0, 0, 1;
    %store/vec4 v0x55b03e3f19f0_0, 0, 1;
    %delay 10, 0;
    %pushi/vec4 1, 0, 1;
    %store/vec4 v0x55b03e3f19f0_0, 0, 1;
    %delay 10, 0;
    %end;
    .thread T_0;
    .scope S_0x55b03e3e2570;
T_1 ;
    %vpi_call 2 17 "$dumpfile", "./wave/not.vcd" {0 0 0};
    %vpi_call 2 18 "$dumpvars", 32'sb00000000000000000000000000000000, S_0x55b03e3e2570 {0 0 0};
    %end;
    .thread T_1;
# The file index is used to find the file name in the following table.
:file_names 4;
    "N/A";
    "<interactive>";
    "tb_not.v";
    "not_gate.v";
